<?xml version="1.0" encoding="UTF-8"?>
<testng-results ignored="0" total="1" passed="1" failed="0" skipped="0">
  <reporter-output>
  </reporter-output>
  <suite started-at="2021-03-13T12:59:37 IST" name="Default suite" finished-at="2021-03-13T13:00:04 IST" duration-ms="27462">
    <groups>
    </groups>
    <test started-at="2021-03-13T12:59:37 IST" name="Default test" finished-at="2021-03-13T13:00:04 IST" duration-ms="27462">
      <class name="com.sample.liveproject.LoginTest">
        <test-method is-config="true" signature="openBrowser()[pri:0, instance:com.sample.liveproject.LoginTest@49c7b90e]" started-at="2021-03-13T12:59:37 IST" name="openBrowser" finished-at="2021-03-13T12:59:54 IST" duration-ms="17710" status="PASS">
          <reporter-output>
          </reporter-output>
        </test-method> <!-- openBrowser -->
        <test-method signature="loginRediff()[pri:0, instance:com.sample.liveproject.LoginTest@49c7b90e]" started-at="2021-03-13T12:59:54 IST" name="loginRediff" finished-at="2021-03-13T13:00:03 IST" duration-ms="8957" status="PASS">
          <reporter-output>
          </reporter-output>
        </test-method> <!-- loginRediff -->
        <test-method is-config="true" signature="closeBrowser()[pri:0, instance:com.sample.liveproject.LoginTest@49c7b90e]" started-at="2021-03-13T13:00:03 IST" name="closeBrowser" finished-at="2021-03-13T13:00:04 IST" duration-ms="728" status="PASS">
          <reporter-output>
          </reporter-output>
        </test-method> <!-- closeBrowser -->
      </class> <!-- com.sample.liveproject.LoginTest -->
    </test> <!-- Default test -->
  </suite> <!-- Default suite -->
</testng-results>
